<?xml version="1.0" encoding="UTF-8"?>
<testsuite name="com.example.demo.controller.PaymentControllerTest" tests="1" skipped="0" failures="0" errors="0" timestamp="2023-07-08T07:02:44" hostname="YASUNGG" time="0.001">
  <properties/>
  <testcase name="registPayment()" classname="com.example.demo.controller.PaymentControllerTest" time="0.001"/>
  <system-out><![CDATA[]]></system-out>
  <system-err><![CDATA[]]></system-err>
</testsuite>
