<?xml version="1.0" encoding="UTF-8"?>
<testsuite name="com.example.demo.repository.CommunityRepositoryTest" tests="1" skipped="0" failures="0" errors="0" timestamp="2023-07-07T16:10:46" hostname="YASUNGG" time="0.13">
  <properties/>
  <testcase name="게시판 테스트" classname="com.example.demo.repository.CommunityRepositoryTest" time="0.13"/>
  <system-out><![CDATA[2023-07-08 01:10:42.883  INFO 13128 --- [    Test worker] .b.t.c.SpringBootTestContextBootstrapper : Neither @ContextConfiguration nor @ContextHierarchy found for test class [com.example.demo.repository.CommunityRepositoryTest], using SpringBootContextLoader
2023-07-08 01:10:42.885  INFO 13128 --- [    Test worker] o.s.t.c.support.AbstractContextLoader    : Could not detect default resource locations for test class [com.example.demo.repository.CommunityRepositoryTest]: no resource found for suffixes {-context.xml, Context.groovy}.
2023-07-08 01:10:42.885  INFO 13128 --- [    Test worker] t.c.s.AnnotationConfigContextLoaderUtils : Could not detect default configuration classes for test class [com.example.demo.repository.CommunityRepositoryTest]: CommunityRepositoryTest does not declare any static, non-private, non-final, nested classes annotated with @Configuration.
2023-07-08 01:10:42.907  INFO 13128 --- [    Test worker] .b.t.c.SpringBootTestContextBootstrapper : Found @SpringBootConfiguration com.example.demo.PerfestApplication for test class com.example.demo.repository.CommunityRepositoryTest
2023-07-08 01:10:42.908  INFO 13128 --- [    Test worker] .b.t.c.SpringBootTestContextBootstrapper : Loaded default TestExecutionListener class names from location [META-INF/spring.factories]: [org.springframework.security.test.context.support.WithSecurityContextTestExecutionListener, org.springframework.security.test.context.support.ReactorContextTestExecutionListener, org.springframework.boot.test.autoconfigure.restdocs.RestDocsTestExecutionListener, org.springframework.boot.test.autoconfigure.web.client.MockRestServiceServerResetTestExecutionListener, org.springframework.boot.test.autoconfigure.web.servlet.MockMvcPrintOnlyOnFailureTestExecutionListener, org.springframework.boot.test.autoconfigure.web.servlet.WebDriverTestExecutionListener, org.springframework.boot.test.autoconfigure.webservices.client.MockWebServiceServerTestExecutionListener, org.springframework.boot.test.mock.mockito.MockitoTestExecutionListener, org.springframework.boot.test.mock.mockito.ResetMocksTestExecutionListener, org.springframework.test.context.web.ServletTestExecutionListener, org.springframework.test.context.support.DirtiesContextBeforeModesTestExecutionListener, org.springframework.test.context.event.ApplicationEventsTestExecutionListener, org.springframework.test.context.support.DependencyInjectionTestExecutionListener, org.springframework.test.context.support.DirtiesContextTestExecutionListener, org.springframework.test.context.transaction.TransactionalTestExecutionListener, org.springframework.test.context.jdbc.SqlScriptsTestExecutionListener, org.springframework.test.context.event.EventPublishingTestExecutionListener]
2023-07-08 01:10:42.909  INFO 13128 --- [    Test worker] .b.t.c.SpringBootTestContextBootstrapper : Using TestExecutionListeners: [org.springframework.test.context.web.ServletTestExecutionListener@300cdf3f, org.springframework.test.context.support.DirtiesContextBeforeModesTestExecutionListener@2b75b77d, org.springframework.test.context.event.ApplicationEventsTestExecutionListener@4552f89f, org.springframework.boot.test.mock.mockito.MockitoTestExecutionListener@59b7cbec, org.springframework.boot.test.autoconfigure.SpringBootDependencyInjectionTestExecutionListener@f9402c2, org.springframework.test.context.support.DirtiesContextTestExecutionListener@9dc9212, org.springframework.test.context.transaction.TransactionalTestExecutionListener@5b9815b6, org.springframework.test.context.jdbc.SqlScriptsTestExecutionListener@3c175d82, org.springframework.security.test.context.support.WithSecurityContextTestExecutionListener@133acad0, org.springframework.test.context.event.EventPublishingTestExecutionListener@7e1b96a7, org.springframework.security.test.context.support.ReactorContextTestExecutionListener@65b51977, org.springframework.boot.test.autoconfigure.restdocs.RestDocsTestExecutionListener@63c8a30e, org.springframework.boot.test.autoconfigure.web.client.MockRestServiceServerResetTestExecutionListener@26e199ed, org.springframework.boot.test.autoconfigure.web.servlet.MockMvcPrintOnlyOnFailureTestExecutionListener@46d8d38, org.springframework.boot.test.autoconfigure.web.servlet.WebDriverTestExecutionListener@49de4263, org.springframework.boot.test.autoconfigure.webservices.client.MockWebServiceServerTestExecutionListener@6fa84885, org.springframework.boot.test.mock.mockito.ResetMocksTestExecutionListener@452c8a6c]

  .   ____          _            __ _ _
 /\\ / ___'_ __ _ _(_)_ __  __ _ \ \ \ \
( ( )\___ | '_ | '_| | '_ \/ _` | \ \ \ \
 \\/  ___)| |_)| | | | | || (_| |  ) ) ) )
  '  |____| .__|_| |_|_| |_\__, | / / / /
 =========|_|==============|___/=/_/_/_/
 :: Spring Boot ::               (v2.7.12)

2023-07-08 01:10:42.940  INFO 13128 --- [    Test worker] c.e.d.r.CommunityRepositoryTest          : Starting CommunityRepositoryTest using Java 11.0.18 on Yasungg with PID 13128 (started by dragx in C:\Dev\FINALE\PERFEST_BACK)
2023-07-08 01:10:42.940  INFO 13128 --- [    Test worker] c.e.d.r.CommunityRepositoryTest          : No active profile set, falling back to 1 default profile: "default"
2023-07-08 01:10:43.434  INFO 13128 --- [    Test worker] .s.d.r.c.RepositoryConfigurationDelegate : Bootstrapping Spring Data JPA repositories in DEFAULT mode.
2023-07-08 01:10:43.488  INFO 13128 --- [    Test worker] .s.d.r.c.RepositoryConfigurationDelegate : Finished Spring Data repository scanning in 53 ms. Found 12 JPA repository interfaces.
2023-07-08 01:10:43.694  INFO 13128 --- [    Test worker] o.hibernate.jpa.internal.util.LogHelper  : HHH000204: Processing PersistenceUnitInfo [name: default]
2023-07-08 01:10:43.700  INFO 13128 --- [    Test worker] com.zaxxer.hikari.HikariDataSource       : HikariPool-2 - Starting...
2023-07-08 01:10:43.723  INFO 13128 --- [    Test worker] com.zaxxer.hikari.HikariDataSource       : HikariPool-2 - Start completed.
2023-07-08 01:10:43.723  INFO 13128 --- [    Test worker] org.hibernate.dialect.Dialect            : HHH000400: Using dialect: org.hibernate.dialect.MySQL8Dialect
Hibernate: 
    
    alter table t_activity 
       drop 
       foreign key FKkef8x2t0fjsafh11w72ql60ke
Hibernate: 
    
    alter table t_auth 
       drop 
       foreign key FK6u7dt9e1efoehl50j9iqijbx
Hibernate: 
    
    alter table t_calender 
       drop 
       foreign key FKjp63f6yi1iekvgrrr432bdgam
Hibernate: 
    
    alter table t_calender 
       drop 
       foreign key FKq7oyx6xbex0caqiq07efw7hcu
Hibernate: 
    
    alter table t_comment 
       drop 
       foreign key FKohacbj4fe8agixnbrf061thy4
Hibernate: 
    
    alter table t_comment 
       drop 
       foreign key FKek9gtla50yebsqo5cocsdtx55
Hibernate: 
    
    alter table t_comment 
       drop 
       foreign key FK4pij75ao6ppyjtj1h6bls8bky
Hibernate: 
    
    alter table t_community 
       drop 
       foreign key FKngmpjofwd024ktxwdltai3x1d
Hibernate: 
    
    alter table t_my_reservation 
       drop 
       foreign key FKkn4f55phqqbtc29dxwpluc5ys
Hibernate: 
    
    alter table t_my_reservation 
       drop 
       foreign key FKpo6eye2jguydb17jkp4jy36qk
Hibernate: 
    
    alter table t_notice 
       drop 
       foreign key FKir7v80xy351uufhhxk6wqyxbm
Hibernate: 
    
    alter table t_payment 
       drop 
       foreign key FK71r5jp3mxhnuu7ru6ti5582b0
Hibernate: 
    
    alter table t_payment 
       drop 
       foreign key FKleqf4tr7d50wmwskxg5f67y71
Hibernate: 
    
    alter table t_product 
       drop 
       foreign key FKagt8un48b78w4um2hghqrwkpv
Hibernate: 
    
    alter table t_product_payment 
       drop 
       foreign key FKtqqw7ciw5ye72m93ouih4xk3p
Hibernate: 
    
    alter table t_product_payment 
       drop 
       foreign key FKophxs9rlg7ivm72d8eynd8ywg
Hibernate: 
    
    alter table t_reservation 
       drop 
       foreign key FKdpqbu98q8qmityeb6pbjmgffu
Hibernate: 
    
    alter table t_reservation_payment 
       drop 
       foreign key FKbmvkv7rrnsivh4v7kj5dxbgv3
Hibernate: 
    
    alter table t_reservation_payment 
       drop 
       foreign key FKqev9ygwto4e4axftcfwyl9xh5
Hibernate: 
    
    alter table t_review 
       drop 
       foreign key FK5kwba28p6ybcgv0gk5ogepu1b
Hibernate: 
    
    alter table t_review 
       drop 
       foreign key FK3p8b9uac1f704hqxshrc3oq3k
Hibernate: 
    
    drop table if exists hibernate_sequence
Hibernate: 
    
    drop table if exists t_activity
Hibernate: 
    
    drop table if exists t_auth
Hibernate: 
    
    drop table if exists t_calender
Hibernate: 
    
    drop table if exists t_comment
Hibernate: 
    
    drop table if exists t_community
Hibernate: 
    
    drop table if exists t_festival
Hibernate: 
    
    drop table if exists t_member
Hibernate: 
    
    drop table if exists t_my_reservation
Hibernate: 
    
    drop table if exists t_notice
Hibernate: 
    
    drop table if exists t_payment
Hibernate: 
    
    drop table if exists t_product
Hibernate: 
    
    drop table if exists t_product_payment
Hibernate: 
    
    drop table if exists t_reservation
Hibernate: 
    
    drop table if exists t_reservation_payment
Hibernate: 
    
    drop table if exists t_review
Hibernate: 
    
    create table hibernate_sequence (
       next_val bigint
    ) engine=InnoDB
Hibernate: 
    
    insert into hibernate_sequence values ( 1 )
Hibernate: 
    
    create table t_activity (
       activity_id bigint not null auto_increment,
        activity_desc varchar(255),
        activity_end_date datetime(6),
        activity_name varchar(255),
        activity_price decimal(19,2) default 0,
        activity_quantity integer default 0,
        activity_start_date datetime(6),
        festival_id bigint,
        primary key (activity_id)
    ) engine=InnoDB
Hibernate: 
    
    create table t_auth (
       auth_id bigint not null,
        grant_type varchar(255),
        refresh_token varchar(255),
        refresh_token_expires_in datetime(6),
        member_id bigint,
        primary key (auth_id)
    ) engine=InnoDB
Hibernate: 
    
    create table t_calender (
       calender_id bigint not null,
        festival_id bigint,
        member_id bigint,
        primary key (calender_id)
    ) engine=InnoDB
Hibernate: 
    
    create table t_comment (
       comment_id bigint not null,
        comment_body varchar(255) not null,
        comment_like_count integer default 0,
        comment_written_time datetime(6),
        community_id bigint,
        member_id bigint,
        parent_id bigint,
        primary key (comment_id)
    ) engine=InnoDB
Hibernate: 
    
    create table t_community (
       community_id bigint not null,
        community_category varchar(255),
        community_desc varchar(255),
        community_img varchar(255),
        community_title varchar(255) not null,
        like_count integer default 0,
        written_time datetime(6),
        member_id bigint,
        primary key (community_id)
    ) engine=InnoDB
Hibernate: 
    
    create table t_festival (
       festival_id bigint not null,
        end_date datetime(6),
        description varchar(255),
        festival_doro varchar(255),
        festival_img varchar(255),
        festival_location varchar(255),
        festival_name varchar(255) not null,
        festival_tel varchar(255),
        kyungdo varchar(255),
        main_org varchar(255),
        start_date datetime(6),
        wedo varchar(255),
        primary key (festival_id)
    ) engine=InnoDB
Hibernate: 
    
    create table t_member (
       member_id bigint not null,
        address varchar(255),
        authority varchar(255),
        badges integer default 0 not null,
        img varchar(500),
        is_delete varchar(255) default 'N',
        join_time datetime(6),
        member_name varchar(255),
        nickname varchar(20),
        password varchar(255),
        total_price decimal(19,2) default 0,
        username varchar(255),
        primary key (member_id)
    ) engine=InnoDB
Hibernate: 
    
    create table t_my_reservation (
       my_reservation_id bigint not null,
        member_id bigint,
        reservation_id bigint,
        primary key (my_reservation_id)
    ) engine=InnoDB
Hibernate: 
    
    create table t_notice (
       notice_id bigint not null auto_increment,
        contents varchar(255),
        member_id bigint,
        primary key (notice_id)
    ) engine=InnoDB
Hibernate: 
    
    create table t_payment (
       payment_id bigint not null,
        cancel_date datetime(6),
        create_date datetime(6),
        is_cancel varchar(255),
        price integer not null,
        quantity integer not null,
        tax_free_amount integer not null,
        tid_key varchar(255) not null,
        member_id bigint,
        product_id bigint,
        primary key (payment_id)
    ) engine=InnoDB
Hibernate: 
    
    create table t_product (
       product_id bigint not null,
        product_desc varchar(255),
        product_name varchar(255),
        product_price decimal(19,2) default 0,
        product_quantity varchar(255) default 0,
        festival_id bigint,
        primary key (product_id)
    ) engine=InnoDB
Hibernate: 
    
    create table t_product_payment (
       product_payment_id bigint not null,
        amount integer not null,
        cancel_date datetime(6),
        reservation_payment_time datetime(6) not null,
        is_cancelled varchar(255),
        member_id bigint,
        product_id bigint,
        primary key (product_payment_id)
    ) engine=InnoDB
Hibernate: 
    
    create table t_reservation (
       reservation_id bigint not null,
        activity_id bigint,
        primary key (reservation_id)
    ) engine=InnoDB
Hibernate: 
    
    create table t_reservation_payment (
       reservation_payment_id bigint not null,
        amount integer not null,
        is_cancelled varchar(255) not null,
        cancel_date datetime(6),
        reservation_payment_time datetime(6) not null,
        member_id bigint,
        reservation_id bigint,
        primary key (reservation_payment_id)
    ) engine=InnoDB
Hibernate: 
    
    create table t_review (
       review_id bigint not null,
        review_content varchar(255) not null,
        review_img varchar(255),
        review_title varchar(255) not null,
        review_written_time datetime(6) not null,
        festival_id bigint,
        member_id bigint,
        primary key (review_id)
    ) engine=InnoDB
Hibernate: 
    
    alter table t_activity 
       add constraint UK_3u5db69fy70r0r6bitbasvkm5 unique (activity_desc)
Hibernate: 
    
    alter table t_activity 
       add constraint UK_f3qtr0t3y8r4rg94xqgbhyeu7 unique (activity_name)
Hibernate: 
    
    alter table t_member 
       add constraint UK_fs4lu1nvdahnyrrtjmysqdwiu unique (nickname)
Hibernate: 
    
    alter table t_member 
       add constraint UK_jsq350597tb0mqt7rnfevte0h unique (username)
Hibernate: 
    
    alter table t_product 
       add constraint UK_5errjddrqptl5ggss9df994lg unique (product_name)
Hibernate: 
    
    alter table t_activity 
       add constraint FKkef8x2t0fjsafh11w72ql60ke 
       foreign key (festival_id) 
       references t_festival (festival_id)
Hibernate: 
    
    alter table t_auth 
       add constraint FK6u7dt9e1efoehl50j9iqijbx 
       foreign key (member_id) 
       references t_member (member_id)
Hibernate: 
    
    alter table t_calender 
       add constraint FKjp63f6yi1iekvgrrr432bdgam 
       foreign key (festival_id) 
       references t_festival (festival_id)
Hibernate: 
    
    alter table t_calender 
       add constraint FKq7oyx6xbex0caqiq07efw7hcu 
       foreign key (member_id) 
       references t_member (member_id)
Hibernate: 
    
    alter table t_comment 
       add constraint FKohacbj4fe8agixnbrf061thy4 
       foreign key (community_id) 
       references t_community (community_id)
Hibernate: 
    
    alter table t_comment 
       add constraint FKek9gtla50yebsqo5cocsdtx55 
       foreign key (member_id) 
       references t_member (member_id)
Hibernate: 
    
    alter table t_comment 
       add constraint FK4pij75ao6ppyjtj1h6bls8bky 
       foreign key (parent_id) 
       references t_comment (comment_id)
Hibernate: 
    
    alter table t_community 
       add constraint FKngmpjofwd024ktxwdltai3x1d 
       foreign key (member_id) 
       references t_member (member_id)
Hibernate: 
    
    alter table t_my_reservation 
       add constraint FKkn4f55phqqbtc29dxwpluc5ys 
       foreign key (member_id) 
       references t_member (member_id)
Hibernate: 
    
    alter table t_my_reservation 
       add constraint FKpo6eye2jguydb17jkp4jy36qk 
       foreign key (reservation_id) 
       references t_reservation (reservation_id)
Hibernate: 
    
    alter table t_notice 
       add constraint FKir7v80xy351uufhhxk6wqyxbm 
       foreign key (member_id) 
       references t_member (member_id)
Hibernate: 
    
    alter table t_payment 
       add constraint FK71r5jp3mxhnuu7ru6ti5582b0 
       foreign key (member_id) 
       references t_member (member_id)
Hibernate: 
    
    alter table t_payment 
       add constraint FKleqf4tr7d50wmwskxg5f67y71 
       foreign key (product_id) 
       references t_product (product_id)
Hibernate: 
    
    alter table t_product 
       add constraint FKagt8un48b78w4um2hghqrwkpv 
       foreign key (festival_id) 
       references t_festival (festival_id)
Hibernate: 
    
    alter table t_product_payment 
       add constraint FKtqqw7ciw5ye72m93ouih4xk3p 
       foreign key (member_id) 
       references t_member (member_id)
Hibernate: 
    
    alter table t_product_payment 
       add constraint FKophxs9rlg7ivm72d8eynd8ywg 
       foreign key (product_id) 
       references t_product (product_id)
Hibernate: 
    
    alter table t_reservation 
       add constraint FKdpqbu98q8qmityeb6pbjmgffu 
       foreign key (activity_id) 
       references t_activity (activity_id)
Hibernate: 
    
    alter table t_reservation_payment 
       add constraint FKbmvkv7rrnsivh4v7kj5dxbgv3 
       foreign key (member_id) 
       references t_member (member_id)
Hibernate: 
    
    alter table t_reservation_payment 
       add constraint FKqev9ygwto4e4axftcfwyl9xh5 
       foreign key (reservation_id) 
       references t_reservation (reservation_id)
Hibernate: 
    
    alter table t_review 
       add constraint FK5kwba28p6ybcgv0gk5ogepu1b 
       foreign key (festival_id) 
       references t_festival (festival_id)
Hibernate: 
    
    alter table t_review 
       add constraint FK3p8b9uac1f704hqxshrc3oq3k 
       foreign key (member_id) 
       references t_member (member_id)
2023-07-08 01:10:45.272  INFO 13128 --- [    Test worker] o.h.e.t.j.p.i.JtaPlatformInitiator       : HHH000490: Using JtaPlatform implementation: [org.hibernate.engine.transaction.jta.platform.internal.NoJtaPlatform]
2023-07-08 01:10:45.272  INFO 13128 --- [    Test worker] j.LocalContainerEntityManagerFactoryBean : Initialized JPA EntityManagerFactory for persistence unit 'default'
2023-07-08 01:10:45.621  WARN 13128 --- [    Test worker] JpaBaseConfiguration$JpaWebConfiguration : spring.jpa.open-in-view is enabled by default. Therefore, database queries may be performed during view rendering. Explicitly configure spring.jpa.open-in-view to disable this warning
2023-07-08 01:10:45.751  INFO 13128 --- [    Test worker] pertySourcedRequestMappingHandlerMapping : Mapped URL path [/v2/api-docs] onto method [springfox.documentation.swagger2.web.Swagger2Controller#getDocumentation(String, HttpServletRequest)]
2023-07-08 01:10:45.752  INFO 13128 --- [    Test worker] com.example.demo.config.SwaggerConfig    : 스웨거 api() 함수 호출 !!
2023-07-08 01:10:45.752  INFO 13128 --- [    Test worker] com.example.demo.config.SwaggerConfig    : 스웨거 apiInfo() 함수 호출 !!
2023-07-08 01:10:45.853  INFO 13128 --- [    Test worker] o.s.s.web.DefaultSecurityFilterChain     : Will secure any request with [org.springframework.security.web.session.DisableEncodeUrlFilter@66c935db, org.springframework.security.web.context.request.async.WebAsyncManagerIntegrationFilter@c94f221, org.springframework.security.web.context.SecurityContextPersistenceFilter@f563fc1, org.springframework.security.web.header.HeaderWriterFilter@61e4cf9b, org.springframework.security.web.authentication.logout.LogoutFilter@3f8c91c5, com.example.demo.jwt.JwtFilter@adeb5a6, org.springframework.security.web.savedrequest.RequestCacheAwareFilter@520ac5da, org.springframework.security.web.servletapi.SecurityContextHolderAwareRequestFilter@15554017, org.springframework.security.web.authentication.AnonymousAuthenticationFilter@3a2227e8, org.springframework.security.web.session.SessionManagementFilter@262d72a, org.springframework.security.web.access.ExceptionTranslationFilter@7015b29b, org.springframework.security.web.access.intercept.FilterSecurityInterceptor@24328fca]
2023-07-08 01:10:45.987  INFO 13128 --- [    Test worker] o.s.b.a.w.s.WelcomePageHandlerMapping    : Adding welcome page: class path resource [static/index.html]
2023-07-08 01:10:46.076  WARN 13128 --- [    Test worker] ion$DefaultTemplateResolverConfiguration : Cannot find template location: classpath:/templates/ (please add some templates, check your Thymeleaf configuration, or set spring.thymeleaf.check-template-location=false)
2023-07-08 01:10:46.201  INFO 13128 --- [    Test worker] d.s.w.p.DocumentationPluginsBootstrapper : Context refreshed
2023-07-08 01:10:46.201  INFO 13128 --- [    Test worker] d.s.w.p.DocumentationPluginsBootstrapper : Found 1 custom documentation plugin(s)
2023-07-08 01:10:46.205  INFO 13128 --- [    Test worker] s.d.s.w.s.ApiListingReferenceScanner     : Scanning for api listing references
2023-07-08 01:10:46.237  INFO 13128 --- [    Test worker] .d.s.w.r.o.CachingOperationNameGenerator : Generating unique operation named: communitySelectListUsingGET_1
2023-07-08 01:10:46.312  INFO 13128 --- [    Test worker] .d.s.w.r.o.CachingOperationNameGenerator : Generating unique operation named: forwardUsingGET_1
2023-07-08 01:10:46.313  INFO 13128 --- [    Test worker] .d.s.w.r.o.CachingOperationNameGenerator : Generating unique operation named: forwardUsingGET_2
2023-07-08 01:10:46.314  INFO 13128 --- [    Test worker] .d.s.w.r.o.CachingOperationNameGenerator : Generating unique operation named: forwardUsingGET_3
2023-07-08 01:10:46.315  INFO 13128 --- [    Test worker] .d.s.w.r.o.CachingOperationNameGenerator : Generating unique operation named: forwardUsingGET_4
2023-07-08 01:10:46.316  INFO 13128 --- [    Test worker] .d.s.w.r.o.CachingOperationNameGenerator : Generating unique operation named: forwardUsingGET_5
2023-07-08 01:10:46.317  INFO 13128 --- [    Test worker] .d.s.w.r.o.CachingOperationNameGenerator : Generating unique operation named: forwardUsingGET_6
2023-07-08 01:10:46.318  INFO 13128 --- [    Test worker] .d.s.w.r.o.CachingOperationNameGenerator : Generating unique operation named: forwardUsingGET_7
2023-07-08 01:10:46.319  INFO 13128 --- [    Test worker] .d.s.w.r.o.CachingOperationNameGenerator : Generating unique operation named: forwardUsingGET_8
2023-07-08 01:10:46.320  INFO 13128 --- [    Test worker] .d.s.w.r.o.CachingOperationNameGenerator : Generating unique operation named: forwardUsingGET_9
2023-07-08 01:10:46.321  INFO 13128 --- [    Test worker] .d.s.w.r.o.CachingOperationNameGenerator : Generating unique operation named: forwardUsingGET_10
2023-07-08 01:10:46.322  INFO 13128 --- [    Test worker] .d.s.w.r.o.CachingOperationNameGenerator : Generating unique operation named: forwardUsingGET_11
2023-07-08 01:10:46.323  INFO 13128 --- [    Test worker] .d.s.w.r.o.CachingOperationNameGenerator : Generating unique operation named: forwardUsingGET_12
2023-07-08 01:10:46.323  INFO 13128 --- [    Test worker] .d.s.w.r.o.CachingOperationNameGenerator : Generating unique operation named: forwardUsingGET_13
2023-07-08 01:10:46.323  INFO 13128 --- [    Test worker] .d.s.w.r.o.CachingOperationNameGenerator : Generating unique operation named: forwardUsingGET_14
2023-07-08 01:10:46.324  INFO 13128 --- [    Test worker] .d.s.w.r.o.CachingOperationNameGenerator : Generating unique operation named: forwardUsingGET_15
2023-07-08 01:10:46.324  INFO 13128 --- [    Test worker] .d.s.w.r.o.CachingOperationNameGenerator : Generating unique operation named: forwardUsingGET_16
2023-07-08 01:10:46.324  INFO 13128 --- [    Test worker] .d.s.w.r.o.CachingOperationNameGenerator : Generating unique operation named: forwardUsingGET_17
2023-07-08 01:10:46.325  INFO 13128 --- [    Test worker] .d.s.w.r.o.CachingOperationNameGenerator : Generating unique operation named: forwardUsingGET_18
2023-07-08 01:10:46.325  INFO 13128 --- [    Test worker] .d.s.w.r.o.CachingOperationNameGenerator : Generating unique operation named: forwardUsingGET_19
2023-07-08 01:10:46.326  INFO 13128 --- [    Test worker] .d.s.w.r.o.CachingOperationNameGenerator : Generating unique operation named: forwardUsingGET_20
2023-07-08 01:10:46.326  INFO 13128 --- [    Test worker] .d.s.w.r.o.CachingOperationNameGenerator : Generating unique operation named: forwardUsingGET_21
2023-07-08 01:10:46.327  INFO 13128 --- [    Test worker] .d.s.w.r.o.CachingOperationNameGenerator : Generating unique operation named: forwardUsingGET_22
2023-07-08 01:10:46.333  INFO 13128 --- [    Test worker] c.e.d.r.CommunityRepositoryTest          : Started CommunityRepositoryTest in 3.422 seconds (JVM running for 14.466)
Hibernate: 
    select
        next_val as id_val 
    from
        hibernate_sequence for update
            
Hibernate: 
    update
        hibernate_sequence 
    set
        next_val= ? 
    where
        next_val=?
Hibernate: 
    insert 
    into
        t_community
        (community_category, community_desc, community_img, community_title, like_count, member_id, written_time, community_id) 
    values
        (?, ?, ?, ?, ?, ?, ?, ?)
2023-07-08 01:10:46.440 TRACE 13128 --- [    Test worker] o.h.type.descriptor.sql.BasicBinder      : binding parameter [1] as [VARCHAR] - [FREE_BOARD]
2023-07-08 01:10:46.440 TRACE 13128 --- [    Test worker] o.h.type.descriptor.sql.BasicBinder      : binding parameter [2] as [VARCHAR] - [테스트입니다.]
2023-07-08 01:10:46.440 TRACE 13128 --- [    Test worker] o.h.type.descriptor.sql.BasicBinder      : binding parameter [3] as [VARCHAR] - [testrtttt]
2023-07-08 01:10:46.440 TRACE 13128 --- [    Test worker] o.h.type.descriptor.sql.BasicBinder      : binding parameter [4] as [VARCHAR] - [테스트1]
2023-07-08 01:10:46.441 TRACE 13128 --- [    Test worker] o.h.type.descriptor.sql.BasicBinder      : binding parameter [5] as [INTEGER] - [10]
2023-07-08 01:10:46.441 TRACE 13128 --- [    Test worker] o.h.type.descriptor.sql.BasicBinder      : binding parameter [6] as [BIGINT] - [null]
2023-07-08 01:10:46.442 TRACE 13128 --- [    Test worker] o.h.type.descriptor.sql.BasicBinder      : binding parameter [7] as [TIMESTAMP] - [2023-07-08T01:10:46.342961800]
2023-07-08 01:10:46.442 TRACE 13128 --- [    Test worker] o.h.type.descriptor.sql.BasicBinder      : binding parameter [8] as [BIGINT] - [1]
테스트 결과Community(id=1, member=null, communityImgLink=testrtttt, communityCategory=FREE_BOARD, communityTitle=테스트1, communityDesc=테스트입니다., writtenTime=2023-07-08T01:10:46.342961800, likeCount=10)
]]></system-out>
  <system-err><![CDATA[]]></system-err>
</testsuite>
